Duplicated file found; will not be sent for synthesis: /home/kidre/Immagini/Università/Uni/Tesi/Ultra96-/OV7670_Ultra+/OV7670_2018.1.srcs/sources_1/bd/design_1/ipshared/ef1e/hdl/lib_cdc_v1_0_rfs.vhd
Duplicated file found; will not be sent for synthesis: /home/kidre/Immagini/Università/Uni/Tesi/Ultra96-/OV7670_Ultra+/OV7670_2018.1.srcs/sources_1/bd/design_1/ipshared/f86a/hdl/proc_sys_reset_v5_0_vh_rfs.vhd
Duplicated file found; will not be sent for synthesis: /home/kidre/Immagini/Università/Uni/Tesi/Ultra96-/OV7670_Ultra+/OV7670_2018.1.srcs/sources_1/bd/design_1/ipshared/ef1e/hdl/lib_cdc_v1_0_rfs.vhd
Duplicated file found; will not be sent for synthesis: /home/kidre/Immagini/Università/Uni/Tesi/Ultra96-/OV7670_Ultra+/OV7670_2018.1.srcs/sources_1/bd/design_1/ipshared/f86a/hdl/proc_sys_reset_v5_0_vh_rfs.vhd
Duplicated file found; will not be sent for synthesis: /home/kidre/Immagini/Università/Uni/Tesi/Ultra96-/OV7670_Ultra+/OV7670_2018.1.srcs/sources_1/bd/design_1/ipshared/ef1e/hdl/lib_cdc_v1_0_rfs.vhd
Duplicated file found; will not be sent for synthesis: /home/kidre/Immagini/Università/Uni/Tesi/Ultra96-/OV7670_Ultra+/OV7670_2018.1.srcs/sources_1/bd/design_1/ipshared/cced/hdl/axi_lite_ipif_v3_0_vh_rfs.vhd
Duplicated file found; will not be sent for synthesis: /home/kidre/Immagini/Università/Uni/Tesi/Ultra96-/OV7670_Ultra+/OV7670_2018.1.srcs/sources_1/bd/design_1/ipshared/ef1e/hdl/lib_cdc_v1_0_rfs.vhd
Duplicated file found; will not be sent for synthesis: /home/kidre/Immagini/Università/Uni/Tesi/Ultra96-/OV7670_Ultra+/OV7670_2018.1.srcs/sources_1/bd/design_1/ipshared/8e66/hdl/interrupt_control_v3_1_vh_rfs.vhd
Duplicated file found; will not be sent for synthesis: /home/kidre/Immagini/Università/Uni/Tesi/Ultra96-/OV7670_Ultra+/OV7670_2018.1.srcs/sources_1/bd/design_1/ipshared/fbf9/hdl/axi_gpio_v2_0_vh_rfs.vhd
Duplicated file found; will not be sent for synthesis: /home/kidre/Immagini/Università/Uni/Tesi/Ultra96-/OV7670_Ultra+/OV7670_2018.1.srcs/sources_1/bd/design_1/ipshared/2fc9/hdl/xlconstant_v1_1_vl_rfs.v
Duplicated file found; will not be sent for synthesis: /home/kidre/Immagini/Università/Uni/Tesi/Ultra96-/OV7670_Ultra+/OV7670_2018.1.srcs/sources_1/bd/design_1/ipshared/2fc9/hdl/xlconstant_v1_1_vl_rfs.v
Duplicated file found; will not be sent for synthesis: /home/kidre/Immagini/Università/Uni/Tesi/Ultra96-/OV7670_Ultra+/OV7670_2018.1.srcs/sources_1/bd/design_1/ipshared/23a8/hdl/verilog/axis_to_ddr_writebkb.v
Duplicated file found; will not be sent for synthesis: /home/kidre/Immagini/Università/Uni/Tesi/Ultra96-/OV7670_Ultra+/OV7670_2018.1.srcs/sources_1/bd/design_1/ipshared/23a8/hdl/verilog/axis_to_ddr_writer_AXILiteS_s_axi.v
Duplicated file found; will not be sent for synthesis: /home/kidre/Immagini/Università/Uni/Tesi/Ultra96-/OV7670_Ultra+/OV7670_2018.1.srcs/sources_1/bd/design_1/ipshared/23a8/hdl/verilog/axis_to_ddr_writer_base_ddr_addr_m_axi.v
Duplicated file found; will not be sent for synthesis: /home/kidre/Immagini/Università/Uni/Tesi/Ultra96-/OV7670_Ultra+/OV7670_2018.1.srcs/sources_1/bd/design_1/ipshared/23a8/hdl/verilog/axis_to_ddr_writer.v
Duplicated file found; will not be sent for synthesis: /home/kidre/Immagini/Università/Uni/Tesi/Ultra96-/OV7670_Ultra+/OV7670_2018.1.srcs/sources_1/bd/design_1/ipshared/23a8/hdl/verilog/axis_to_ddr_writebkb.v
Duplicated file found; will not be sent for synthesis: /home/kidre/Immagini/Università/Uni/Tesi/Ultra96-/OV7670_Ultra+/OV7670_2018.1.srcs/sources_1/bd/design_1/ipshared/23a8/hdl/verilog/axis_to_ddr_writer_AXILiteS_s_axi.v
Duplicated file found; will not be sent for synthesis: /home/kidre/Immagini/Università/Uni/Tesi/Ultra96-/OV7670_Ultra+/OV7670_2018.1.srcs/sources_1/bd/design_1/ipshared/23a8/hdl/verilog/axis_to_ddr_writer_base_ddr_addr_m_axi.v
Duplicated file found; will not be sent for synthesis: /home/kidre/Immagini/Università/Uni/Tesi/Ultra96-/OV7670_Ultra+/OV7670_2018.1.srcs/sources_1/bd/design_1/ipshared/23a8/hdl/verilog/axis_to_ddr_writer.v
Duplicated file found; will not be sent for synthesis: /home/kidre/Immagini/Università/Uni/Tesi/Ultra96-/OV7670_Ultra+/OV7670_2018.1.srcs/sources_1/bd/design_1/ipshared/0ab1/hdl/axis_infrastructure_v1_1_0.vh
Duplicated file found; will not be sent for synthesis: /home/kidre/Immagini/Università/Uni/Tesi/Ultra96-/OV7670_Ultra+/OV7670_2018.1.srcs/sources_1/bd/design_1/ipshared/0ab1/hdl/axis_infrastructure_v1_1_vl_rfs.v
Duplicated file found; will not be sent for synthesis: /home/kidre/Immagini/Università/Uni/Tesi/Ultra96-/OV7670_Ultra+/OV7670_2018.1.srcs/sources_1/bd/design_1/ipshared/36f8/hdl/axis_data_fifo_v1_1_vl_rfs.v
Duplicated file found; will not be sent for synthesis: /home/kidre/Immagini/Università/Uni/Tesi/Ultra96-/OV7670_Ultra+/OV7670_2018.1.srcs/sources_1/bd/design_1/ipshared/67d8/hdl/blk_mem_gen_v8_4_vhsyn_rfs.vhd
Duplicated file found; will not be sent for synthesis: /home/kidre/Immagini/Università/Uni/Tesi/Ultra96-/OV7670_Ultra+/OV7670_2018.1.srcs/sources_1/bd/design_1/ipshared/7aff/hdl/fifo_generator_v13_2_vhsyn_rfs.vhd
Duplicated file found; will not be sent for synthesis: /home/kidre/Immagini/Università/Uni/Tesi/Ultra96-/OV7670_Ultra+/OV7670_2018.1.srcs/sources_1/bd/design_1/ipshared/0ab1/hdl/axis_infrastructure_v1_1_0.vh
Duplicated file found; will not be sent for synthesis: /home/kidre/Immagini/Università/Uni/Tesi/Ultra96-/OV7670_Ultra+/OV7670_2018.1.srcs/sources_1/bd/design_1/ipshared/0ab1/hdl/axis_infrastructure_v1_1_vl_rfs.v
Duplicated file found; will not be sent for synthesis: /home/kidre/Immagini/Università/Uni/Tesi/Ultra96-/OV7670_Ultra+/OV7670_2018.1.srcs/sources_1/bd/design_1/ipshared/36f8/hdl/axis_data_fifo_v1_1_vl_rfs.v
Duplicated file found; will not be sent for synthesis: /home/kidre/Immagini/Università/Uni/Tesi/Ultra96-/OV7670_Ultra+/OV7670_2018.1.srcs/sources_1/bd/design_1/ipshared/67d8/hdl/blk_mem_gen_v8_4_vhsyn_rfs.vhd
Duplicated file found; will not be sent for synthesis: /home/kidre/Immagini/Università/Uni/Tesi/Ultra96-/OV7670_Ultra+/OV7670_2018.1.srcs/sources_1/bd/design_1/ipshared/7aff/hdl/fifo_generator_v13_2_vhsyn_rfs.vhd
Duplicated file found; will not be sent for synthesis: /home/kidre/Immagini/Università/Uni/Tesi/Ultra96-/OV7670_Ultra+/OV7670_2018.1.srcs/sources_1/bd/design_1/ipshared/67d8/hdl/blk_mem_gen_v8_4_vhsyn_rfs.vhd
Duplicated file found; will not be sent for synthesis: /home/kidre/Immagini/Università/Uni/Tesi/Ultra96-/OV7670_Ultra+/OV7670_2018.1.srcs/sources_1/bd/design_1/ipshared/7aff/hdl/fifo_generator_v13_2_vhsyn_rfs.vhd
Duplicated file found; will not be sent for synthesis: /home/kidre/Immagini/Università/Uni/Tesi/Ultra96-/OV7670_Ultra+/OV7670_2018.1.srcs/sources_1/bd/design_1/ipshared/b752/hdl/generic_baseblocks_v2_1_vl_rfs.v
Duplicated file found; will not be sent for synthesis: /home/kidre/Immagini/Università/Uni/Tesi/Ultra96-/OV7670_Ultra+/OV7670_2018.1.srcs/sources_1/bd/design_1/ipshared/ec67/hdl/axi_infrastructure_v1_1_0.vh
Duplicated file found; will not be sent for synthesis: /home/kidre/Immagini/Università/Uni/Tesi/Ultra96-/OV7670_Ultra+/OV7670_2018.1.srcs/sources_1/bd/design_1/ipshared/ec67/hdl/axi_infrastructure_v1_1_vl_rfs.v
Duplicated file found; will not be sent for synthesis: /home/kidre/Immagini/Università/Uni/Tesi/Ultra96-/OV7670_Ultra+/OV7670_2018.1.srcs/sources_1/bd/design_1/ipshared/0cde/hdl/axi_register_slice_v2_1_vl_rfs.v
Duplicated file found; will not be sent for synthesis: /home/kidre/Immagini/Università/Uni/Tesi/Ultra96-/OV7670_Ultra+/OV7670_2018.1.srcs/sources_1/bd/design_1/ipshared/d114/hdl/axi_data_fifo_v2_1_vl_rfs.v
Duplicated file found; will not be sent for synthesis: /home/kidre/Immagini/Università/Uni/Tesi/Ultra96-/OV7670_Ultra+/OV7670_2018.1.srcs/sources_1/bd/design_1/ipshared/d293/hdl/axi_crossbar_v2_1_vl_rfs.v
Duplicated file found; will not be sent for synthesis: /home/kidre/Immagini/Università/Uni/Tesi/Ultra96-/OV7670_Ultra+/OV7670_2018.1.srcs/sources_1/bd/design_1/ipshared/67d8/hdl/blk_mem_gen_v8_4_vhsyn_rfs.vhd
Duplicated file found; will not be sent for synthesis: /home/kidre/Immagini/Università/Uni/Tesi/Ultra96-/OV7670_Ultra+/OV7670_2018.1.srcs/sources_1/bd/design_1/ipshared/7aff/hdl/fifo_generator_v13_2_vhsyn_rfs.vhd
Duplicated file found; will not be sent for synthesis: /home/kidre/Immagini/Università/Uni/Tesi/Ultra96-/OV7670_Ultra+/OV7670_2018.1.srcs/sources_1/bd/design_1/ipshared/b752/hdl/generic_baseblocks_v2_1_vl_rfs.v
Duplicated file found; will not be sent for synthesis: /home/kidre/Immagini/Università/Uni/Tesi/Ultra96-/OV7670_Ultra+/OV7670_2018.1.srcs/sources_1/bd/design_1/ipshared/d114/hdl/axi_data_fifo_v2_1_vl_rfs.v
Duplicated file found; will not be sent for synthesis: /home/kidre/Immagini/Università/Uni/Tesi/Ultra96-/OV7670_Ultra+/OV7670_2018.1.srcs/sources_1/bd/design_1/ipshared/ec67/hdl/axi_infrastructure_v1_1_0.vh
Duplicated file found; will not be sent for synthesis: /home/kidre/Immagini/Università/Uni/Tesi/Ultra96-/OV7670_Ultra+/OV7670_2018.1.srcs/sources_1/bd/design_1/ipshared/ec67/hdl/axi_infrastructure_v1_1_vl_rfs.v
Duplicated file found; will not be sent for synthesis: /home/kidre/Immagini/Università/Uni/Tesi/Ultra96-/OV7670_Ultra+/OV7670_2018.1.srcs/sources_1/bd/design_1/ipshared/0cde/hdl/axi_register_slice_v2_1_vl_rfs.v
Duplicated file found; will not be sent for synthesis: /home/kidre/Immagini/Università/Uni/Tesi/Ultra96-/OV7670_Ultra+/OV7670_2018.1.srcs/sources_1/bd/design_1/ipshared/67d8/hdl/blk_mem_gen_v8_4_vhsyn_rfs.vhd
Duplicated file found; will not be sent for synthesis: /home/kidre/Immagini/Università/Uni/Tesi/Ultra96-/OV7670_Ultra+/OV7670_2018.1.srcs/sources_1/bd/design_1/ipshared/7aff/hdl/fifo_generator_v13_2_vhsyn_rfs.vhd
Duplicated file found; will not be sent for synthesis: /home/kidre/Immagini/Università/Uni/Tesi/Ultra96-/OV7670_Ultra+/OV7670_2018.1.srcs/sources_1/bd/design_1/ipshared/b752/hdl/generic_baseblocks_v2_1_vl_rfs.v
Duplicated file found; will not be sent for synthesis: /home/kidre/Immagini/Università/Uni/Tesi/Ultra96-/OV7670_Ultra+/OV7670_2018.1.srcs/sources_1/bd/design_1/ipshared/d114/hdl/axi_data_fifo_v2_1_vl_rfs.v
Duplicated file found; will not be sent for synthesis: /home/kidre/Immagini/Università/Uni/Tesi/Ultra96-/OV7670_Ultra+/OV7670_2018.1.srcs/sources_1/bd/design_1/ipshared/ec67/hdl/axi_infrastructure_v1_1_0.vh
Duplicated file found; will not be sent for synthesis: /home/kidre/Immagini/Università/Uni/Tesi/Ultra96-/OV7670_Ultra+/OV7670_2018.1.srcs/sources_1/bd/design_1/ipshared/ec67/hdl/axi_infrastructure_v1_1_vl_rfs.v
Duplicated file found; will not be sent for synthesis: /home/kidre/Immagini/Università/Uni/Tesi/Ultra96-/OV7670_Ultra+/OV7670_2018.1.srcs/sources_1/bd/design_1/ipshared/0cde/hdl/axi_register_slice_v2_1_vl_rfs.v
Duplicated file found; will not be sent for synthesis: /home/kidre/Immagini/Università/Uni/Tesi/Ultra96-/OV7670_Ultra+/OV7670_2018.1.srcs/sources_1/bd/design_1/ipshared/1229/hdl/axi_protocol_converter_v2_1_vl_rfs.v
Duplicated file found; will not be sent for synthesis: /home/kidre/Immagini/Università/Uni/Tesi/Ultra96-/OV7670_Ultra+/OV7670_2018.1.srcs/sources_1/bd/design_1/ipshared/67d8/hdl/blk_mem_gen_v8_4_vhsyn_rfs.vhd
Duplicated file found; will not be sent for synthesis: /home/kidre/Immagini/Università/Uni/Tesi/Ultra96-/OV7670_Ultra+/OV7670_2018.1.srcs/sources_1/bd/design_1/ipshared/7aff/hdl/fifo_generator_v13_2_vhsyn_rfs.vhd
Duplicated file found; will not be sent for synthesis: /home/kidre/Immagini/Università/Uni/Tesi/Ultra96-/OV7670_Ultra+/OV7670_2018.1.srcs/sources_1/bd/design_1/ipshared/b752/hdl/generic_baseblocks_v2_1_vl_rfs.v
Duplicated file found; will not be sent for synthesis: /home/kidre/Immagini/Università/Uni/Tesi/Ultra96-/OV7670_Ultra+/OV7670_2018.1.srcs/sources_1/bd/design_1/ipshared/d114/hdl/axi_data_fifo_v2_1_vl_rfs.v
Duplicated file found; will not be sent for synthesis: /home/kidre/Immagini/Università/Uni/Tesi/Ultra96-/OV7670_Ultra+/OV7670_2018.1.srcs/sources_1/bd/design_1/ipshared/ec67/hdl/axi_infrastructure_v1_1_0.vh
Duplicated file found; will not be sent for synthesis: /home/kidre/Immagini/Università/Uni/Tesi/Ultra96-/OV7670_Ultra+/OV7670_2018.1.srcs/sources_1/bd/design_1/ipshared/ec67/hdl/axi_infrastructure_v1_1_vl_rfs.v
Duplicated file found; will not be sent for synthesis: /home/kidre/Immagini/Università/Uni/Tesi/Ultra96-/OV7670_Ultra+/OV7670_2018.1.srcs/sources_1/bd/design_1/ipshared/0cde/hdl/axi_register_slice_v2_1_vl_rfs.v
Duplicated file found; will not be sent for synthesis: /home/kidre/Immagini/Università/Uni/Tesi/Ultra96-/OV7670_Ultra+/OV7670_2018.1.srcs/sources_1/bd/design_1/ipshared/1229/hdl/axi_protocol_converter_v2_1_vl_rfs.v
Duplicated file found; will not be sent for synthesis: /home/kidre/Immagini/Università/Uni/Tesi/Ultra96-/OV7670_Ultra+/OV7670_2018.1.srcs/sources_1/bd/design_1/ipshared/d371/hdl/axi_clock_converter_v2_1_vl_rfs.v
Duplicated file found; will not be sent for synthesis: /home/kidre/Immagini/Università/Uni/Tesi/Ultra96-/OV7670_Ultra+/OV7670_2018.1.srcs/sources_1/bd/design_1/ipshared/67d8/hdl/blk_mem_gen_v8_4_vhsyn_rfs.vhd
Duplicated file found; will not be sent for synthesis: /home/kidre/Immagini/Università/Uni/Tesi/Ultra96-/OV7670_Ultra+/OV7670_2018.1.srcs/sources_1/bd/design_1/ipshared/7aff/hdl/fifo_generator_v13_2_vhsyn_rfs.vhd
Duplicated file found; will not be sent for synthesis: /home/kidre/Immagini/Università/Uni/Tesi/Ultra96-/OV7670_Ultra+/OV7670_2018.1.srcs/sources_1/bd/design_1/ipshared/2c2b/hdl/axi_dwidth_converter_v2_1_vlsyn_rfs.v
Duplicated file found; will not be sent for synthesis: /home/kidre/Immagini/Università/Uni/Tesi/Ultra96-/OV7670_Ultra+/OV7670_2018.1.srcs/sources_1/bd/design_1/ipshared/b752/hdl/generic_baseblocks_v2_1_vl_rfs.v
Duplicated file found; will not be sent for synthesis: /home/kidre/Immagini/Università/Uni/Tesi/Ultra96-/OV7670_Ultra+/OV7670_2018.1.srcs/sources_1/bd/design_1/ipshared/d114/hdl/axi_data_fifo_v2_1_vl_rfs.v
Duplicated file found; will not be sent for synthesis: /home/kidre/Immagini/Università/Uni/Tesi/Ultra96-/OV7670_Ultra+/OV7670_2018.1.srcs/sources_1/bd/design_1/ipshared/ec67/hdl/axi_infrastructure_v1_1_0.vh
Duplicated file found; will not be sent for synthesis: /home/kidre/Immagini/Università/Uni/Tesi/Ultra96-/OV7670_Ultra+/OV7670_2018.1.srcs/sources_1/bd/design_1/ipshared/ec67/hdl/axi_infrastructure_v1_1_vl_rfs.v
Duplicated file found; will not be sent for synthesis: /home/kidre/Immagini/Università/Uni/Tesi/Ultra96-/OV7670_Ultra+/OV7670_2018.1.srcs/sources_1/bd/design_1/ipshared/0cde/hdl/axi_register_slice_v2_1_vl_rfs.v
Duplicated file found; will not be sent for synthesis: /home/kidre/Immagini/Università/Uni/Tesi/Ultra96-/OV7670_Ultra+/OV7670_2018.1.srcs/sources_1/bd/design_1/ipshared/1229/hdl/axi_protocol_converter_v2_1_vl_rfs.v
Duplicated file found; will not be sent for synthesis: /home/kidre/Immagini/Università/Uni/Tesi/Ultra96-/OV7670_Ultra+/OV7670_2018.1.srcs/sources_1/bd/design_1/ipshared/67d8/hdl/blk_mem_gen_v8_4_vhsyn_rfs.vhd
Duplicated file found; will not be sent for synthesis: /home/kidre/Immagini/Università/Uni/Tesi/Ultra96-/OV7670_Ultra+/OV7670_2018.1.srcs/sources_1/bd/design_1/ipshared/7aff/hdl/fifo_generator_v13_2_vhsyn_rfs.vhd
Duplicated file found; will not be sent for synthesis: /home/kidre/Immagini/Università/Uni/Tesi/Ultra96-/OV7670_Ultra+/OV7670_2018.1.srcs/sources_1/bd/design_1/ipshared/b752/hdl/generic_baseblocks_v2_1_vl_rfs.v
Duplicated file found; will not be sent for synthesis: /home/kidre/Immagini/Università/Uni/Tesi/Ultra96-/OV7670_Ultra+/OV7670_2018.1.srcs/sources_1/bd/design_1/ipshared/d114/hdl/axi_data_fifo_v2_1_vl_rfs.v
Duplicated file found; will not be sent for synthesis: /home/kidre/Immagini/Università/Uni/Tesi/Ultra96-/OV7670_Ultra+/OV7670_2018.1.srcs/sources_1/bd/design_1/ipshared/ec67/hdl/axi_infrastructure_v1_1_0.vh
Duplicated file found; will not be sent for synthesis: /home/kidre/Immagini/Università/Uni/Tesi/Ultra96-/OV7670_Ultra+/OV7670_2018.1.srcs/sources_1/bd/design_1/ipshared/ec67/hdl/axi_infrastructure_v1_1_vl_rfs.v
Duplicated file found; will not be sent for synthesis: /home/kidre/Immagini/Università/Uni/Tesi/Ultra96-/OV7670_Ultra+/OV7670_2018.1.srcs/sources_1/bd/design_1/ipshared/0cde/hdl/axi_register_slice_v2_1_vl_rfs.v
Duplicated file found; will not be sent for synthesis: /home/kidre/Immagini/Università/Uni/Tesi/Ultra96-/OV7670_Ultra+/OV7670_2018.1.srcs/sources_1/bd/design_1/ipshared/1229/hdl/axi_protocol_converter_v2_1_vl_rfs.v
Duplicated file found; will not be sent for synthesis: /home/kidre/Immagini/Università/Uni/Tesi/Ultra96-/OV7670_Ultra+/OV7670_2018.1.srcs/sources_1/bd/design_1/ipshared/d371/hdl/axi_clock_converter_v2_1_vl_rfs.v
Duplicated file found; will not be sent for synthesis: /home/kidre/Immagini/Università/Uni/Tesi/Ultra96-/OV7670_Ultra+/OV7670_2018.1.srcs/sources_1/bd/design_1/ipshared/67d8/hdl/blk_mem_gen_v8_4_vhsyn_rfs.vhd
Duplicated file found; will not be sent for synthesis: /home/kidre/Immagini/Università/Uni/Tesi/Ultra96-/OV7670_Ultra+/OV7670_2018.1.srcs/sources_1/bd/design_1/ipshared/7aff/hdl/fifo_generator_v13_2_vhsyn_rfs.vhd
Duplicated file found; will not be sent for synthesis: /home/kidre/Immagini/Università/Uni/Tesi/Ultra96-/OV7670_Ultra+/OV7670_2018.1.srcs/sources_1/bd/design_1/ipshared/2c2b/hdl/axi_dwidth_converter_v2_1_vlsyn_rfs.v
Duplicated file found; will not be sent for synthesis: /home/kidre/Immagini/Università/Uni/Tesi/Ultra96-/OV7670_Ultra+/OV7670_2018.1.srcs/sources_1/bd/design_1/ipshared/b752/hdl/generic_baseblocks_v2_1_vl_rfs.v
Duplicated file found; will not be sent for synthesis: /home/kidre/Immagini/Università/Uni/Tesi/Ultra96-/OV7670_Ultra+/OV7670_2018.1.srcs/sources_1/bd/design_1/ipshared/d114/hdl/axi_data_fifo_v2_1_vl_rfs.v
Duplicated file found; will not be sent for synthesis: /home/kidre/Immagini/Università/Uni/Tesi/Ultra96-/OV7670_Ultra+/OV7670_2018.1.srcs/sources_1/bd/design_1/ipshared/ec67/hdl/axi_infrastructure_v1_1_0.vh
Duplicated file found; will not be sent for synthesis: /home/kidre/Immagini/Università/Uni/Tesi/Ultra96-/OV7670_Ultra+/OV7670_2018.1.srcs/sources_1/bd/design_1/ipshared/ec67/hdl/axi_infrastructure_v1_1_vl_rfs.v
Duplicated file found; will not be sent for synthesis: /home/kidre/Immagini/Università/Uni/Tesi/Ultra96-/OV7670_Ultra+/OV7670_2018.1.srcs/sources_1/bd/design_1/ipshared/0cde/hdl/axi_register_slice_v2_1_vl_rfs.v
Duplicated file found; will not be sent for synthesis: /home/kidre/Immagini/Università/Uni/Tesi/Ultra96-/OV7670_Ultra+/OV7670_2018.1.srcs/sources_1/bd/design_1/ipshared/1229/hdl/axi_protocol_converter_v2_1_vl_rfs.v
Duplicated file found; will not be sent for synthesis: /home/kidre/Immagini/Università/Uni/Tesi/Ultra96-/OV7670_Ultra+/OV7670_2018.1.srcs/sources_1/bd/design_1/ipshared/67d8/hdl/blk_mem_gen_v8_4_vhsyn_rfs.vhd
Duplicated file found; will not be sent for synthesis: /home/kidre/Immagini/Università/Uni/Tesi/Ultra96-/OV7670_Ultra+/OV7670_2018.1.srcs/sources_1/bd/design_1/ipshared/7aff/hdl/fifo_generator_v13_2_vhsyn_rfs.vhd
Duplicated file found; will not be sent for synthesis: /home/kidre/Immagini/Università/Uni/Tesi/Ultra96-/OV7670_Ultra+/OV7670_2018.1.srcs/sources_1/bd/design_1/ipshared/b752/hdl/generic_baseblocks_v2_1_vl_rfs.v
Duplicated file found; will not be sent for synthesis: /home/kidre/Immagini/Università/Uni/Tesi/Ultra96-/OV7670_Ultra+/OV7670_2018.1.srcs/sources_1/bd/design_1/ipshared/d114/hdl/axi_data_fifo_v2_1_vl_rfs.v
Duplicated file found; will not be sent for synthesis: /home/kidre/Immagini/Università/Uni/Tesi/Ultra96-/OV7670_Ultra+/OV7670_2018.1.srcs/sources_1/bd/design_1/ipshared/ec67/hdl/axi_infrastructure_v1_1_0.vh
Duplicated file found; will not be sent for synthesis: /home/kidre/Immagini/Università/Uni/Tesi/Ultra96-/OV7670_Ultra+/OV7670_2018.1.srcs/sources_1/bd/design_1/ipshared/ec67/hdl/axi_infrastructure_v1_1_vl_rfs.v
Duplicated file found; will not be sent for synthesis: /home/kidre/Immagini/Università/Uni/Tesi/Ultra96-/OV7670_Ultra+/OV7670_2018.1.srcs/sources_1/bd/design_1/ipshared/0cde/hdl/axi_register_slice_v2_1_vl_rfs.v
Duplicated file found; will not be sent for synthesis: /home/kidre/Immagini/Università/Uni/Tesi/Ultra96-/OV7670_Ultra+/OV7670_2018.1.srcs/sources_1/bd/design_1/ipshared/1229/hdl/axi_protocol_converter_v2_1_vl_rfs.v
Duplicated file found; will not be sent for synthesis: /home/kidre/Immagini/Università/Uni/Tesi/Ultra96-/OV7670_Ultra+/OV7670_2018.1.srcs/sources_1/bd/design_1/ipshared/d371/hdl/axi_clock_converter_v2_1_vl_rfs.v
Duplicated file found; will not be sent for synthesis: /home/kidre/Immagini/Università/Uni/Tesi/Ultra96-/OV7670_Ultra+/OV7670_2018.1.srcs/sources_1/bd/design_1/ipshared/67d8/hdl/blk_mem_gen_v8_4_vhsyn_rfs.vhd
Duplicated file found; will not be sent for synthesis: /home/kidre/Immagini/Università/Uni/Tesi/Ultra96-/OV7670_Ultra+/OV7670_2018.1.srcs/sources_1/bd/design_1/ipshared/7aff/hdl/fifo_generator_v13_2_vhsyn_rfs.vhd
Duplicated file found; will not be sent for synthesis: /home/kidre/Immagini/Università/Uni/Tesi/Ultra96-/OV7670_Ultra+/OV7670_2018.1.srcs/sources_1/bd/design_1/ipshared/2c2b/hdl/axi_dwidth_converter_v2_1_vlsyn_rfs.v
Duplicated file found; will not be sent for synthesis: /home/kidre/Immagini/Università/Uni/Tesi/Ultra96-/OV7670_Ultra+/OV7670_2018.1.srcs/sources_1/bd/design_1/ipshared/b752/hdl/generic_baseblocks_v2_1_vl_rfs.v
Duplicated file found; will not be sent for synthesis: /home/kidre/Immagini/Università/Uni/Tesi/Ultra96-/OV7670_Ultra+/OV7670_2018.1.srcs/sources_1/bd/design_1/ipshared/d114/hdl/axi_data_fifo_v2_1_vl_rfs.v
Duplicated file found; will not be sent for synthesis: /home/kidre/Immagini/Università/Uni/Tesi/Ultra96-/OV7670_Ultra+/OV7670_2018.1.srcs/sources_1/bd/design_1/ipshared/ec67/hdl/axi_infrastructure_v1_1_0.vh
Duplicated file found; will not be sent for synthesis: /home/kidre/Immagini/Università/Uni/Tesi/Ultra96-/OV7670_Ultra+/OV7670_2018.1.srcs/sources_1/bd/design_1/ipshared/ec67/hdl/axi_infrastructure_v1_1_vl_rfs.v
Duplicated file found; will not be sent for synthesis: /home/kidre/Immagini/Università/Uni/Tesi/Ultra96-/OV7670_Ultra+/OV7670_2018.1.srcs/sources_1/bd/design_1/ipshared/0cde/hdl/axi_register_slice_v2_1_vl_rfs.v
Duplicated file found; will not be sent for synthesis: /home/kidre/Immagini/Università/Uni/Tesi/Ultra96-/OV7670_Ultra+/OV7670_2018.1.srcs/sources_1/bd/design_1/ipshared/1229/hdl/axi_protocol_converter_v2_1_vl_rfs.v
Duplicated file found; will not be sent for synthesis: /home/kidre/Immagini/Università/Uni/Tesi/Ultra96-/OV7670_Ultra+/OV7670_2018.1.srcs/sources_1/bd/design_1/ipshared/67d8/hdl/blk_mem_gen_v8_4_vhsyn_rfs.vhd
Duplicated file found; will not be sent for synthesis: /home/kidre/Immagini/Università/Uni/Tesi/Ultra96-/OV7670_Ultra+/OV7670_2018.1.srcs/sources_1/bd/design_1/ipshared/7aff/hdl/fifo_generator_v13_2_vhsyn_rfs.vhd
Duplicated file found; will not be sent for synthesis: /home/kidre/Immagini/Università/Uni/Tesi/Ultra96-/OV7670_Ultra+/OV7670_2018.1.srcs/sources_1/bd/design_1/ipshared/b752/hdl/generic_baseblocks_v2_1_vl_rfs.v
Duplicated file found; will not be sent for synthesis: /home/kidre/Immagini/Università/Uni/Tesi/Ultra96-/OV7670_Ultra+/OV7670_2018.1.srcs/sources_1/bd/design_1/ipshared/d114/hdl/axi_data_fifo_v2_1_vl_rfs.v
Duplicated file found; will not be sent for synthesis: /home/kidre/Immagini/Università/Uni/Tesi/Ultra96-/OV7670_Ultra+/OV7670_2018.1.srcs/sources_1/bd/design_1/ipshared/ec67/hdl/axi_infrastructure_v1_1_0.vh
Duplicated file found; will not be sent for synthesis: /home/kidre/Immagini/Università/Uni/Tesi/Ultra96-/OV7670_Ultra+/OV7670_2018.1.srcs/sources_1/bd/design_1/ipshared/ec67/hdl/axi_infrastructure_v1_1_vl_rfs.v
Duplicated file found; will not be sent for synthesis: /home/kidre/Immagini/Università/Uni/Tesi/Ultra96-/OV7670_Ultra+/OV7670_2018.1.srcs/sources_1/bd/design_1/ipshared/0cde/hdl/axi_register_slice_v2_1_vl_rfs.v
Duplicated file found; will not be sent for synthesis: /home/kidre/Immagini/Università/Uni/Tesi/Ultra96-/OV7670_Ultra+/OV7670_2018.1.srcs/sources_1/bd/design_1/ipshared/1229/hdl/axi_protocol_converter_v2_1_vl_rfs.v
Duplicated file found; will not be sent for synthesis: /home/kidre/Immagini/Università/Uni/Tesi/Ultra96-/OV7670_Ultra+/OV7670_2018.1.srcs/sources_1/bd/design_1/ipshared/d371/hdl/axi_clock_converter_v2_1_vl_rfs.v
Duplicated file found; will not be sent for synthesis: /home/kidre/Immagini/Università/Uni/Tesi/Ultra96-/OV7670_Ultra+/OV7670_2018.1.srcs/sources_1/bd/design_1/ipshared/67d8/hdl/blk_mem_gen_v8_4_vhsyn_rfs.vhd
Duplicated file found; will not be sent for synthesis: /home/kidre/Immagini/Università/Uni/Tesi/Ultra96-/OV7670_Ultra+/OV7670_2018.1.srcs/sources_1/bd/design_1/ipshared/7aff/hdl/fifo_generator_v13_2_vhsyn_rfs.vhd
Duplicated file found; will not be sent for synthesis: /home/kidre/Immagini/Università/Uni/Tesi/Ultra96-/OV7670_Ultra+/OV7670_2018.1.srcs/sources_1/bd/design_1/ipshared/2c2b/hdl/axi_dwidth_converter_v2_1_vlsyn_rfs.v
Duplicated file found; will not be sent for synthesis: /home/kidre/Immagini/Università/Uni/Tesi/Ultra96-/OV7670_Ultra+/OV7670_2018.1.srcs/sources_1/bd/design_1/ipshared/b752/hdl/generic_baseblocks_v2_1_vl_rfs.v
Duplicated file found; will not be sent for synthesis: /home/kidre/Immagini/Università/Uni/Tesi/Ultra96-/OV7670_Ultra+/OV7670_2018.1.srcs/sources_1/bd/design_1/ipshared/d114/hdl/axi_data_fifo_v2_1_vl_rfs.v
Duplicated file found; will not be sent for synthesis: /home/kidre/Immagini/Università/Uni/Tesi/Ultra96-/OV7670_Ultra+/OV7670_2018.1.srcs/sources_1/bd/design_1/ipshared/ec67/hdl/axi_infrastructure_v1_1_0.vh
Duplicated file found; will not be sent for synthesis: /home/kidre/Immagini/Università/Uni/Tesi/Ultra96-/OV7670_Ultra+/OV7670_2018.1.srcs/sources_1/bd/design_1/ipshared/ec67/hdl/axi_infrastructure_v1_1_vl_rfs.v
Duplicated file found; will not be sent for synthesis: /home/kidre/Immagini/Università/Uni/Tesi/Ultra96-/OV7670_Ultra+/OV7670_2018.1.srcs/sources_1/bd/design_1/ipshared/0cde/hdl/axi_register_slice_v2_1_vl_rfs.v
Duplicated file found; will not be sent for synthesis: /home/kidre/Immagini/Università/Uni/Tesi/Ultra96-/OV7670_Ultra+/OV7670_2018.1.srcs/sources_1/bd/design_1/ipshared/1229/hdl/axi_protocol_converter_v2_1_vl_rfs.v
Duplicated file found; will not be sent for synthesis: /home/kidre/Immagini/Università/Uni/Tesi/Ultra96-/OV7670_Ultra+/OV7670_2018.1.srcs/sources_1/bd/design_1/ipshared/67d8/hdl/blk_mem_gen_v8_4_vhsyn_rfs.vhd
Duplicated file found; will not be sent for synthesis: /home/kidre/Immagini/Università/Uni/Tesi/Ultra96-/OV7670_Ultra+/OV7670_2018.1.srcs/sources_1/bd/design_1/ipshared/7aff/hdl/fifo_generator_v13_2_vhsyn_rfs.vhd
Duplicated file found; will not be sent for synthesis: /home/kidre/Immagini/Università/Uni/Tesi/Ultra96-/OV7670_Ultra+/OV7670_2018.1.srcs/sources_1/bd/design_1/ipshared/b752/hdl/generic_baseblocks_v2_1_vl_rfs.v
Duplicated file found; will not be sent for synthesis: /home/kidre/Immagini/Università/Uni/Tesi/Ultra96-/OV7670_Ultra+/OV7670_2018.1.srcs/sources_1/bd/design_1/ipshared/d114/hdl/axi_data_fifo_v2_1_vl_rfs.v
Duplicated file found; will not be sent for synthesis: /home/kidre/Immagini/Università/Uni/Tesi/Ultra96-/OV7670_Ultra+/OV7670_2018.1.srcs/sources_1/bd/design_1/ipshared/ec67/hdl/axi_infrastructure_v1_1_0.vh
Duplicated file found; will not be sent for synthesis: /home/kidre/Immagini/Università/Uni/Tesi/Ultra96-/OV7670_Ultra+/OV7670_2018.1.srcs/sources_1/bd/design_1/ipshared/ec67/hdl/axi_infrastructure_v1_1_vl_rfs.v
Duplicated file found; will not be sent for synthesis: /home/kidre/Immagini/Università/Uni/Tesi/Ultra96-/OV7670_Ultra+/OV7670_2018.1.srcs/sources_1/bd/design_1/ipshared/0cde/hdl/axi_register_slice_v2_1_vl_rfs.v
Duplicated file found; will not be sent for synthesis: /home/kidre/Immagini/Università/Uni/Tesi/Ultra96-/OV7670_Ultra+/OV7670_2018.1.srcs/sources_1/bd/design_1/ipshared/1229/hdl/axi_protocol_converter_v2_1_vl_rfs.v
Duplicated file found; will not be sent for synthesis: /home/kidre/Immagini/Università/Uni/Tesi/Ultra96-/OV7670_Ultra+/OV7670_2018.1.srcs/sources_1/bd/design_1/ipshared/d371/hdl/axi_clock_converter_v2_1_vl_rfs.v
Duplicated file found; will not be sent for synthesis: /home/kidre/Immagini/Università/Uni/Tesi/Ultra96-/OV7670_Ultra+/OV7670_2018.1.srcs/sources_1/bd/design_1/ipshared/67d8/hdl/blk_mem_gen_v8_4_vhsyn_rfs.vhd
Duplicated file found; will not be sent for synthesis: /home/kidre/Immagini/Università/Uni/Tesi/Ultra96-/OV7670_Ultra+/OV7670_2018.1.srcs/sources_1/bd/design_1/ipshared/7aff/hdl/fifo_generator_v13_2_vhsyn_rfs.vhd
Duplicated file found; will not be sent for synthesis: /home/kidre/Immagini/Università/Uni/Tesi/Ultra96-/OV7670_Ultra+/OV7670_2018.1.srcs/sources_1/bd/design_1/ipshared/2c2b/hdl/axi_dwidth_converter_v2_1_vlsyn_rfs.v
Duplicated file found; will not be sent for synthesis: /home/kidre/Immagini/Università/Uni/Tesi/Ultra96-/OV7670_Ultra+/OV7670_2018.1.srcs/sources_1/bd/design_1/ipshared/b752/hdl/generic_baseblocks_v2_1_vl_rfs.v
Duplicated file found; will not be sent for synthesis: /home/kidre/Immagini/Università/Uni/Tesi/Ultra96-/OV7670_Ultra+/OV7670_2018.1.srcs/sources_1/bd/design_1/ipshared/d114/hdl/axi_data_fifo_v2_1_vl_rfs.v
Duplicated file found; will not be sent for synthesis: /home/kidre/Immagini/Università/Uni/Tesi/Ultra96-/OV7670_Ultra+/OV7670_2018.1.srcs/sources_1/bd/design_1/ipshared/ec67/hdl/axi_infrastructure_v1_1_0.vh
Duplicated file found; will not be sent for synthesis: /home/kidre/Immagini/Università/Uni/Tesi/Ultra96-/OV7670_Ultra+/OV7670_2018.1.srcs/sources_1/bd/design_1/ipshared/ec67/hdl/axi_infrastructure_v1_1_vl_rfs.v
Duplicated file found; will not be sent for synthesis: /home/kidre/Immagini/Università/Uni/Tesi/Ultra96-/OV7670_Ultra+/OV7670_2018.1.srcs/sources_1/bd/design_1/ipshared/0cde/hdl/axi_register_slice_v2_1_vl_rfs.v
Duplicated file found; will not be sent for synthesis: /home/kidre/Immagini/Università/Uni/Tesi/Ultra96-/OV7670_Ultra+/OV7670_2018.1.srcs/sources_1/bd/design_1/ipshared/1229/hdl/axi_protocol_converter_v2_1_vl_rfs.v
Duplicated file found; will not be sent for synthesis: /home/kidre/Immagini/Università/Uni/Tesi/Ultra96-/OV7670_Ultra+/OV7670_2018.1.srcs/sources_1/bd/design_1/ipshared/67d8/hdl/blk_mem_gen_v8_4_vhsyn_rfs.vhd
Duplicated file found; will not be sent for synthesis: /home/kidre/Immagini/Università/Uni/Tesi/Ultra96-/OV7670_Ultra+/OV7670_2018.1.srcs/sources_1/bd/design_1/ipshared/7aff/hdl/fifo_generator_v13_2_vhsyn_rfs.vhd
CRC performance measure: elapsed=00:00:00s;;memory_peak=2570.984MB;;memory_gain=0.000MB
